<?xml version="1.0" encoding="UTF-8"?>
<!-- Generated by org.testng.reporters.JUnitReportReporter -->
<testsuite hostname="Anil-PC" name="com.MavenSelenium.testmodules.amazon.GoogleScenario1" tests="1" failures="0" timestamp="27 Jun 2016 07:13:48 GMT" time="0.029" errors="0">
  <testcase name="runMethod" time="0.029" classname="com.MavenSelenium.testmodules.amazon.GoogleScenario1"/>
</testsuite> <!-- com.MavenSelenium.testmodules.amazon.GoogleScenario1 -->
