<?xml version="1.0" encoding="UTF-8"?>
<!-- Generated by org.testng.reporters.JUnitReportReporter -->
<testsuite hostname="Anil-PC" name="com.MavenSelenium.product.google.GoogleHome" tests="2" failures="0" timestamp="16 Aug 2016 14:35:06 GMT" time="0.036" errors="0">
  <testcase name="searchStringInGoogle" time="0.002" classname="com.MavenSelenium.product.google.GoogleHome"/>
  <testcase name="searchResultInGoogle" time="0.034" classname="com.MavenSelenium.product.google.GoogleHome"/>
</testsuite> <!-- com.MavenSelenium.product.google.GoogleHome -->
