<?xml version="1.0" encoding="UTF-8"?>
<!-- Generated by org.testng.reporters.JUnitReportReporter -->
<testsuite hostname="DESKTOP-EKBA8NT" name="com.MavenSelenium.product.google.GoogleHome" tests="2" failures="0" timestamp="28 Nov 2018 03:23:40 GMT" time="0.007" errors="0">
  <testcase name="searchStringInGoogle" time="0.001" classname="com.MavenSelenium.product.google.GoogleHome"/>
  <testcase name="searchResultInGoogle" time="0.006" classname="com.MavenSelenium.product.google.GoogleHome"/>
</testsuite> <!-- com.MavenSelenium.product.google.GoogleHome -->
